# JRE version: Java(TM) SE Runtime Environment (8.0_191-b12) (build 1.8.0_191-b12)
# Java VM: Java HotSpot(TM) 64-Bit Server VM (25.191-b12 mixed mode windows-amd64 compressed oops)
Heap:
 PSYoungGen      total 145408K, used 13030K [0x00000000d5b80000, 0x00000000e7e80000, 0x0000000100000000)
  eden space 131584K, 9% used [0x00000000d5b80000,0x00000000d6839828,0x00000000ddc00000)
  from space 13824K, 0% used [0x00000000ddc00000,0x00000000ddc00000,0x00000000de980000)
  to   space 17408K, 0% used [0x00000000e6d80000,0x00000000e6d80000,0x00000000e7e80000)
 ParOldGen       total 81408K, used 25503K [0x0000000081200000, 0x0000000086180000, 0x00000000d5b80000)
  object space 81408K, 31% used [0x0000000081200000,0x0000000082ae7d40,0x0000000086180000)
 Metaspace       used 21592K, capacity 22034K, committed 22448K, reserved 1069056K
  class space    used 2582K, capacity 2715K, committed 2816K, reserved 1048576K
GC Heap History (10 events):
Event: 2.053 GC heap before
{Heap before GC invocations=4 (full 0):
 PSYoungGen      total 38400K, used 38392K [0x00000000d5b80000, 0x00000000da680000, 0x0000000100000000)
  eden space 33280K, 100% used [0x00000000d5b80000,0x00000000d7c00000,0x00000000d7c00000)
  from space 5120K, 99% used [0x00000000d7c00000,0x00000000d80fe030,0x00000000d8100000)
  to   space 5120K, 0% used [0x00000000da180000,0x00000000da180000,0x00000000da680000)
 ParOldGen       total 87552K, used 4554K [0x0000000081200000, 0x0000000086780000, 0x00000000d5b80000)
  object space 87552K, 5% used [0x0000000081200000,0x0000000081672b48,0x0000000086780000)
 Metaspace       used 16053K, capacity 16416K, committed 16640K, reserved 1064960K
  class space    used 1940K, capacity 2042K, committed 2048K, reserved 1048576K
Event: 2.061 GC heap after
Heap after GC invocations=4 (full 0):
 PSYoungGen      total 71680K, used 5096K [0x00000000d5b80000, 0x00000000da680000, 0x0000000100000000)
  eden space 66560K, 0% used [0x00000000d5b80000,0x00000000d5b80000,0x00000000d9c80000)
  from space 5120K, 99% used [0x00000000da180000,0x00000000da67a040,0x00000000da680000)
  to   space 5120K, 0% used [0x00000000d9c80000,0x00000000d9c80000,0x00000000da180000)
 ParOldGen       total 87552K, used 8095K [0x0000000081200000, 0x0000000086780000, 0x00000000d5b80000)
  object space 87552K, 9% used [0x0000000081200000,0x00000000819e7c88,0x0000000086780000)
 Metaspace       used 16053K, capacity 16416K, committed 16640K, reserved 1064960K
  class space    used 1940K, capacity 2042K, committed 2048K, reserved 1048576K
}
Event: 2.275 GC heap before
{Heap before GC invocations=5 (full 0):
 PSYoungGen      total 71680K, used 71656K [0x00000000d5b80000, 0x00000000da680000, 0x0000000100000000)
  eden space 66560K, 100% used [0x00000000d5b80000,0x00000000d9c80000,0x00000000d9c80000)
  from space 5120K, 99% used [0x00000000da180000,0x00000000da67a040,0x00000000da680000)
  to   space 5120K, 0% used [0x00000000d9c80000,0x00000000d9c80000,0x00000000da180000)
 ParOldGen       total 87552K, used 8095K [0x0000000081200000, 0x0000000086780000, 0x00000000d5b80000)
  object space 87552K, 9% used [0x0000000081200000,0x00000000819e7c88,0x0000000086780000)
 Metaspace       used 16186K, capacity 16498K, committed 16640K, reserved 1064960K
  class space    used 1942K, capacity 2045K, committed 2048K, reserved 1048576K
Event: 2.286 GC heap after
Heap after GC invocations=5 (full 0):
 PSYoungGen      total 71680K, used 5112K [0x00000000d5b80000, 0x00000000df580000, 0x0000000100000000)
  eden space 66560K, 0% used [0x00000000d5b80000,0x00000000d5b80000,0x00000000d9c80000)
  from space 5120K, 99% used [0x00000000d9c80000,0x00000000da17e030,0x00000000da180000)
  to   space 12288K, 0% used [0x00000000de980000,0x00000000de980000,0x00000000df580000)
 ParOldGen       total 87552K, used 14511K [0x0000000081200000, 0x0000000086780000, 0x00000000d5b80000)
  object space 87552K, 16% used [0x0000000081200000,0x000000008202bcd8,0x0000000086780000)
 Metaspace       used 16186K, capacity 16498K, committed 16640K, reserved 1064960K
  class space    used 1942K, capacity 2045K, committed 2048K, reserved 1048576K
}
Event: 2.456 GC heap before
{Heap before GC invocations=6 (full 0):
 PSYoungGen      total 71680K, used 71672K [0x00000000d5b80000, 0x00000000df580000, 0x0000000100000000)
  eden space 66560K, 100% used [0x00000000d5b80000,0x00000000d9c80000,0x00000000d9c80000)
  from space 5120K, 99% used [0x00000000d9c80000,0x00000000da17e030,0x00000000da180000)
  to   space 12288K, 0% used [0x00000000de980000,0x00000000de980000,0x00000000df580000)
 ParOldGen       total 87552K, used 14511K [0x0000000081200000, 0x0000000086780000, 0x00000000d5b80000)
  object space 87552K, 16% used [0x0000000081200000,0x000000008202bcd8,0x0000000086780000)
 Metaspace       used 16310K, capacity 16626K, committed 16896K, reserved 1064960K
  class space    used 1942K, capacity 2045K, committed 2048K, reserved 1048576K
Event: 2.466 GC heap after
Heap after GC invocations=6 (full 0):
 PSYoungGen      total 143872K, used 11704K [0x00000000d5b80000, 0x00000000df880000, 0x0000000100000000)
  eden space 131584K, 0% used [0x00000000d5b80000,0x00000000d5b80000,0x00000000ddc00000)
  from space 12288K, 95% used [0x00000000de980000,0x00000000df4ee030,0x00000000df580000)
  to   space 13824K, 0% used [0x00000000ddc00000,0x00000000ddc00000,0x00000000de980000)
 ParOldGen       total 87552K, used 14519K [0x0000000081200000, 0x0000000086780000, 0x00000000d5b80000)
  object space 87552K, 16% used [0x0000000081200000,0x000000008202dcd8,0x0000000086780000)
 Metaspace       used 16310K, capacity 16626K, committed 16896K, reserved 1064960K
  class space    used 1942K, capacity 2045K, committed 2048K, reserved 1048576K
}
Event: 3.312 GC heap before
{Heap before GC invocations=7 (full 0):
 PSYoungGen      total 143872K, used 98022K [0x00000000d5b80000, 0x00000000df880000, 0x0000000100000000)
  eden space 131584K, 65% used [0x00000000d5b80000,0x00000000dafcb958,0x00000000ddc00000)
  from space 12288K, 95% used [0x00000000de980000,0x00000000df4ee030,0x00000000df580000)
  to   space 13824K, 0% used [0x00000000ddc00000,0x00000000ddc00000,0x00000000de980000)
 ParOldGen       total 87552K, used 14519K [0x0000000081200000, 0x0000000086780000, 0x00000000d5b80000)
  object space 87552K, 16% used [0x0000000081200000,0x000000008202dcd8,0x0000000086780000)
 Metaspace       used 20658K, capacity 21074K, committed 21296K, reserved 1069056K
  class space    used 2469K, capacity 2587K, committed 2688K, reserved 1048576K
Event: 3.327 GC heap after
Heap after GC invocations=7 (full 0):
 PSYoungGen      total 145408K, used 13818K [0x00000000d5b80000, 0x00000000e7e80000, 0x0000000100000000)
  eden space 131584K, 0% used [0x00000000d5b80000,0x00000000d5b80000,0x00000000ddc00000)
  from space 13824K, 99% used [0x00000000ddc00000,0x00000000de97ea08,0x00000000de980000)
  to   space 17408K, 0% used [0x00000000e6d80000,0x00000000e6d80000,0x00000000e7e80000)
 ParOldGen       total 87552K, used 18276K [0x0000000081200000, 0x0000000086780000, 0x00000000d5b80000)
  object space 87552K, 20% used [0x0000000081200000,0x00000000823d93e0,0x0000000086780000)
 Metaspace       used 20658K, capacity 21074K, committed 21296K, reserved 1069056K
  class space    used 2469K, capacity 2587K, committed 2688K, reserved 1048576K
}
Event: 3.327 GC heap before
{Heap before GC invocations=8 (full 1):
 PSYoungGen      total 145408K, used 13818K [0x00000000d5b80000, 0x00000000e7e80000, 0x0000000100000000)
  eden space 131584K, 0% used [0x00000000d5b80000,0x00000000d5b80000,0x00000000ddc00000)
  from space 13824K, 99% used [0x00000000ddc00000,0x00000000de97ea08,0x00000000de980000)
  to   space 17408K, 0% used [0x00000000e6d80000,0x00000000e6d80000,0x00000000e7e80000)
 ParOldGen       total 87552K, used 18276K [0x0000000081200000, 0x0000000086780000, 0x00000000d5b80000)
  object space 87552K, 20% used [0x0000000081200000,0x00000000823d93e0,0x0000000086780000)
 Metaspace       used 20658K, capacity 21074K, committed 21296K, reserved 1069056K
  class space    used 2469K, capacity 2587K, committed 2688K, reserved 1048576K
Event: 3.403 GC heap after
Heap after GC invocations=8 (full 1):
 PSYoungGen      total 145408K, used 0K [0x00000000d5b80000, 0x00000000e7e80000, 0x0000000100000000)
  eden space 131584K, 0% used [0x00000000d5b80000,0x00000000d5b80000,0x00000000ddc00000)
  from space 13824K, 0% used [0x00000000ddc00000,0x00000000ddc00000,0x00000000de980000)
  to   space 17408K, 0% used [0x00000000e6d80000,0x00000000e6d80000,0x00000000e7e80000)
 ParOldGen       total 81408K, used 25503K [0x0000000081200000, 0x0000000086180000, 0x00000000d5b80000)
  object space 81408K, 31% used [0x0000000081200000,0x0000000082ae7d40,0x0000000086180000)
 Metaspace       used 20658K, capacity 21074K, committed 21296K, reserved 1069056K
  class space    used 2469K, capacity 2587K, committed 2688K, reserved 1048576K
}

