# JRE version: Java(TM) SE Runtime Environment (8.0_191-b12) (build 1.8.0_191-b12)
# Java VM: Java HotSpot(TM) 64-Bit Server VM (25.191-b12 mixed mode windows-amd64 compressed oops)
Heap:
 PSYoungGen      total 145408K, used 10482K [0x00000000d5b80000, 0x00000000e7f80000, 0x0000000100000000)
  eden space 132096K, 7% used [0x00000000d5b80000,0x00000000d65bc8f8,0x00000000ddc80000)
  from space 13312K, 0% used [0x00000000ddc80000,0x00000000ddc80000,0x00000000de980000)
  to   space 17408K, 0% used [0x00000000e6e80000,0x00000000e6e80000,0x00000000e7f80000)
 ParOldGen       total 82432K, used 25580K [0x0000000081200000, 0x0000000086280000, 0x00000000d5b80000)
  object space 82432K, 31% used [0x0000000081200000,0x0000000082afb028,0x0000000086280000)
 Metaspace       used 21778K, capacity 22314K, committed 22704K, reserved 1069056K
  class space    used 2605K, capacity 2747K, committed 2816K, reserved 1048576K
GC Heap History (10 events):
Event: 2.136 GC heap before
{Heap before GC invocations=4 (full 0):
 PSYoungGen      total 38400K, used 38388K [0x00000000d5b80000, 0x00000000da680000, 0x0000000100000000)
  eden space 33280K, 100% used [0x00000000d5b80000,0x00000000d7c00000,0x00000000d7c00000)
  from space 5120K, 99% used [0x00000000d7c00000,0x00000000d80fd070,0x00000000d8100000)
  to   space 5120K, 0% used [0x00000000da180000,0x00000000da180000,0x00000000da680000)
 ParOldGen       total 87552K, used 4564K [0x0000000081200000, 0x0000000086780000, 0x00000000d5b80000)
  object space 87552K, 5% used [0x0000000081200000,0x0000000081675360,0x0000000086780000)
 Metaspace       used 16058K, capacity 16408K, committed 16640K, reserved 1064960K
  class space    used 1934K, capacity 2042K, committed 2048K, reserved 1048576K
Event: 2.144 GC heap after
Heap after GC invocations=4 (full 0):
 PSYoungGen      total 71680K, used 5112K [0x00000000d5b80000, 0x00000000da680000, 0x0000000100000000)
  eden space 66560K, 0% used [0x00000000d5b80000,0x00000000d5b80000,0x00000000d9c80000)
  from space 5120K, 99% used [0x00000000da180000,0x00000000da67e050,0x00000000da680000)
  to   space 5120K, 0% used [0x00000000d9c80000,0x00000000d9c80000,0x00000000da180000)
 ParOldGen       total 87552K, used 8144K [0x0000000081200000, 0x0000000086780000, 0x00000000d5b80000)
  object space 87552K, 9% used [0x0000000081200000,0x00000000819f4320,0x0000000086780000)
 Metaspace       used 16058K, capacity 16408K, committed 16640K, reserved 1064960K
  class space    used 1934K, capacity 2042K, committed 2048K, reserved 1048576K
}
Event: 2.412 GC heap before
{Heap before GC invocations=5 (full 0):
 PSYoungGen      total 71680K, used 71672K [0x00000000d5b80000, 0x00000000da680000, 0x0000000100000000)
  eden space 66560K, 100% used [0x00000000d5b80000,0x00000000d9c80000,0x00000000d9c80000)
  from space 5120K, 99% used [0x00000000da180000,0x00000000da67e050,0x00000000da680000)
  to   space 5120K, 0% used [0x00000000d9c80000,0x00000000d9c80000,0x00000000da180000)
 ParOldGen       total 87552K, used 8144K [0x0000000081200000, 0x0000000086780000, 0x00000000d5b80000)
  object space 87552K, 9% used [0x0000000081200000,0x00000000819f4320,0x0000000086780000)
 Metaspace       used 16189K, capacity 16554K, committed 16896K, reserved 1064960K
  class space    used 1936K, capacity 2045K, committed 2048K, reserved 1048576K
Event: 2.421 GC heap after
Heap after GC invocations=5 (full 0):
 PSYoungGen      total 71680K, used 5096K [0x00000000d5b80000, 0x00000000df580000, 0x0000000100000000)
  eden space 66560K, 0% used [0x00000000d5b80000,0x00000000d5b80000,0x00000000d9c80000)
  from space 5120K, 99% used [0x00000000d9c80000,0x00000000da17a020,0x00000000da180000)
  to   space 12288K, 0% used [0x00000000de980000,0x00000000de980000,0x00000000df580000)
 ParOldGen       total 87552K, used 14486K [0x0000000081200000, 0x0000000086780000, 0x00000000d5b80000)
  object space 87552K, 16% used [0x0000000081200000,0x0000000082025b30,0x0000000086780000)
 Metaspace       used 16189K, capacity 16554K, committed 16896K, reserved 1064960K
  class space    used 1936K, capacity 2045K, committed 2048K, reserved 1048576K
}
Event: 2.608 GC heap before
{Heap before GC invocations=6 (full 0):
 PSYoungGen      total 71680K, used 71656K [0x00000000d5b80000, 0x00000000df580000, 0x0000000100000000)
  eden space 66560K, 100% used [0x00000000d5b80000,0x00000000d9c80000,0x00000000d9c80000)
  from space 5120K, 99% used [0x00000000d9c80000,0x00000000da17a020,0x00000000da180000)
  to   space 12288K, 0% used [0x00000000de980000,0x00000000de980000,0x00000000df580000)
 ParOldGen       total 87552K, used 14486K [0x0000000081200000, 0x0000000086780000, 0x00000000d5b80000)
  object space 87552K, 16% used [0x0000000081200000,0x0000000082025b30,0x0000000086780000)
 Metaspace       used 16265K, capacity 16618K, committed 16896K, reserved 1064960K
  class space    used 1936K, capacity 2045K, committed 2048K, reserved 1048576K
Event: 2.619 GC heap after
Heap after GC invocations=6 (full 0):
 PSYoungGen      total 144384K, used 11256K [0x00000000d5b80000, 0x00000000df780000, 0x0000000100000000)
  eden space 132096K, 0% used [0x00000000d5b80000,0x00000000d5b80000,0x00000000ddc80000)
  from space 12288K, 91% used [0x00000000de980000,0x00000000df47e010,0x00000000df580000)
  to   space 13312K, 0% used [0x00000000ddc80000,0x00000000ddc80000,0x00000000de980000)
 ParOldGen       total 87552K, used 14494K [0x0000000081200000, 0x0000000086780000, 0x00000000d5b80000)
  object space 87552K, 16% used [0x0000000081200000,0x0000000082027b30,0x0000000086780000)
 Metaspace       used 16265K, capacity 16618K, committed 16896K, reserved 1064960K
  class space    used 1936K, capacity 2045K, committed 2048K, reserved 1048576K
}
Event: 3.553 GC heap before
{Heap before GC invocations=7 (full 0):
 PSYoungGen      total 144384K, used 100547K [0x00000000d5b80000, 0x00000000df780000, 0x0000000100000000)
  eden space 132096K, 67% used [0x00000000d5b80000,0x00000000db2b2de0,0x00000000ddc80000)
  from space 12288K, 91% used [0x00000000de980000,0x00000000df47e010,0x00000000df580000)
  to   space 13312K, 0% used [0x00000000ddc80000,0x00000000ddc80000,0x00000000de980000)
 ParOldGen       total 87552K, used 14494K [0x0000000081200000, 0x0000000086780000, 0x00000000d5b80000)
  object space 87552K, 16% used [0x0000000081200000,0x0000000082027b30,0x0000000086780000)
 Metaspace       used 20605K, capacity 21098K, committed 21296K, reserved 1069056K
  class space    used 2466K, capacity 2619K, committed 2688K, reserved 1048576K
Event: 3.568 GC heap after
Heap after GC invocations=7 (full 0):
 PSYoungGen      total 145408K, used 13295K [0x00000000d5b80000, 0x00000000e7f80000, 0x0000000100000000)
  eden space 132096K, 0% used [0x00000000d5b80000,0x00000000d5b80000,0x00000000ddc80000)
  from space 13312K, 99% used [0x00000000ddc80000,0x00000000de97bc10,0x00000000de980000)
  to   space 17408K, 0% used [0x00000000e6e80000,0x00000000e6e80000,0x00000000e7f80000)
 ParOldGen       total 87552K, used 18881K [0x0000000081200000, 0x0000000086780000, 0x00000000d5b80000)
  object space 87552K, 21% used [0x0000000081200000,0x0000000082470738,0x0000000086780000)
 Metaspace       used 20605K, capacity 21098K, committed 21296K, reserved 1069056K
  class space    used 2466K, capacity 2619K, committed 2688K, reserved 1048576K
}
Event: 3.568 GC heap before
{Heap before GC invocations=8 (full 1):
 PSYoungGen      total 145408K, used 13295K [0x00000000d5b80000, 0x00000000e7f80000, 0x0000000100000000)
  eden space 132096K, 0% used [0x00000000d5b80000,0x00000000d5b80000,0x00000000ddc80000)
  from space 13312K, 99% used [0x00000000ddc80000,0x00000000de97bc10,0x00000000de980000)
  to   space 17408K, 0% used [0x00000000e6e80000,0x00000000e6e80000,0x00000000e7f80000)
 ParOldGen       total 87552K, used 18881K [0x0000000081200000, 0x0000000086780000, 0x00000000d5b80000)
  object space 87552K, 21% used [0x0000000081200000,0x0000000082470738,0x0000000086780000)
 Metaspace       used 20605K, capacity 21098K, committed 21296K, reserved 1069056K
  class space    used 2466K, capacity 2619K, committed 2688K, reserved 1048576K
Event: 3.644 GC heap after
Heap after GC invocations=8 (full 1):
 PSYoungGen      total 145408K, used 0K [0x00000000d5b80000, 0x00000000e7f80000, 0x0000000100000000)
  eden space 132096K, 0% used [0x00000000d5b80000,0x00000000d5b80000,0x00000000ddc80000)
  from space 13312K, 0% used [0x00000000ddc80000,0x00000000ddc80000,0x00000000de980000)
  to   space 17408K, 0% used [0x00000000e6e80000,0x00000000e6e80000,0x00000000e7f80000)
 ParOldGen       total 82432K, used 25580K [0x0000000081200000, 0x0000000086280000, 0x00000000d5b80000)
  object space 82432K, 31% used [0x0000000081200000,0x0000000082afb028,0x0000000086280000)
 Metaspace       used 20605K, capacity 21098K, committed 21296K, reserved 1069056K
  class space    used 2466K, capacity 2619K, committed 2688K, reserved 1048576K
}

