# JRE version: Java(TM) SE Runtime Environment (8.0_191-b12) (build 1.8.0_191-b12)
# Java VM: Java HotSpot(TM) 64-Bit Server VM (25.191-b12 mixed mode windows-amd64 compressed oops)
Heap:
 PSYoungGen      total 278528K, used 40967K [0x00000000d5b80000, 0x00000000e9700000, 0x0000000100000000)
  eden space 258048K, 7% used [0x00000000d5b80000,0x00000000d6f87d40,0x00000000e5780000)
  from space 20480K, 99% used [0x00000000e5780000,0x00000000e6b79f28,0x00000000e6b80000)
  to   space 30208K, 0% used [0x00000000e7980000,0x00000000e7980000,0x00000000e9700000)
 ParOldGen       total 80896K, used 43471K [0x0000000081200000, 0x0000000086100000, 0x00000000d5b80000)
  object space 80896K, 53% used [0x0000000081200000,0x0000000083c73d00,0x0000000086100000)
 Metaspace       used 31847K, capacity 32664K, committed 32768K, reserved 1079296K
  class space    used 3547K, capacity 3824K, committed 3840K, reserved 1048576K
GC Heap History (10 events):
Event: 3.127 GC heap before
{Heap before GC invocations=6 (full 0):
 PSYoungGen      total 71680K, used 71672K [0x00000000d5b80000, 0x00000000df580000, 0x0000000100000000)
  eden space 66560K, 100% used [0x00000000d5b80000,0x00000000d9c80000,0x00000000d9c80000)
  from space 5120K, 99% used [0x00000000d9c80000,0x00000000da17e030,0x00000000da180000)
  to   space 12288K, 0% used [0x00000000de980000,0x00000000de980000,0x00000000df580000)
 ParOldGen       total 87552K, used 14878K [0x0000000081200000, 0x0000000086780000, 0x00000000d5b80000)
  object space 87552K, 16% used [0x0000000081200000,0x00000000820879e8,0x0000000086780000)
 Metaspace       used 16943K, capacity 17310K, committed 17536K, reserved 1064960K
  class space    used 2026K, capacity 2147K, committed 2176K, reserved 1048576K
Event: 3.165 GC heap after
Heap after GC invocations=6 (full 0):
 PSYoungGen      total 143872K, used 12040K [0x00000000d5b80000, 0x00000000df880000, 0x0000000100000000)
  eden space 131584K, 0% used [0x00000000d5b80000,0x00000000d5b80000,0x00000000ddc00000)
  from space 12288K, 97% used [0x00000000de980000,0x00000000df542020,0x00000000df580000)
  to   space 13824K, 0% used [0x00000000ddc00000,0x00000000ddc00000,0x00000000de980000)
 ParOldGen       total 87552K, used 14878K [0x0000000081200000, 0x0000000086780000, 0x00000000d5b80000)
  object space 87552K, 16% used [0x0000000081200000,0x00000000820879e8,0x0000000086780000)
 Metaspace       used 16943K, capacity 17310K, committed 17536K, reserved 1064960K
  class space    used 2026K, capacity 2147K, committed 2176K, reserved 1048576K
}
Event: 4.417 GC heap before
{Heap before GC invocations=7 (full 0):
 PSYoungGen      total 143872K, used 98494K [0x00000000d5b80000, 0x00000000df880000, 0x0000000100000000)
  eden space 131584K, 65% used [0x00000000d5b80000,0x00000000dafedad0,0x00000000ddc00000)
  from space 12288K, 97% used [0x00000000de980000,0x00000000df542020,0x00000000df580000)
  to   space 13824K, 0% used [0x00000000ddc00000,0x00000000ddc00000,0x00000000de980000)
 ParOldGen       total 87552K, used 14878K [0x0000000081200000, 0x0000000086780000, 0x00000000d5b80000)
  object space 87552K, 16% used [0x0000000081200000,0x00000000820879e8,0x0000000086780000)
 Metaspace       used 20611K, capacity 21050K, committed 21296K, reserved 1069056K
  class space    used 2417K, capacity 2561K, committed 2688K, reserved 1048576K
Event: 4.437 GC heap after
Heap after GC invocations=7 (full 0):
 PSYoungGen      total 145408K, used 13808K [0x00000000d5b80000, 0x00000000e7f80000, 0x0000000100000000)
  eden space 131584K, 0% used [0x00000000d5b80000,0x00000000d5b80000,0x00000000ddc00000)
  from space 13824K, 99% used [0x00000000ddc00000,0x00000000de97c030,0x00000000de980000)
  to   space 17920K, 0% used [0x00000000e6e00000,0x00000000e6e00000,0x00000000e7f80000)
 ParOldGen       total 87552K, used 19215K [0x0000000081200000, 0x0000000086780000, 0x00000000d5b80000)
  object space 87552K, 21% used [0x0000000081200000,0x00000000824c3c20,0x0000000086780000)
 Metaspace       used 20611K, capacity 21050K, committed 21296K, reserved 1069056K
  class space    used 2417K, capacity 2561K, committed 2688K, reserved 1048576K
}
Event: 4.437 GC heap before
{Heap before GC invocations=8 (full 1):
 PSYoungGen      total 145408K, used 13808K [0x00000000d5b80000, 0x00000000e7f80000, 0x0000000100000000)
  eden space 131584K, 0% used [0x00000000d5b80000,0x00000000d5b80000,0x00000000ddc00000)
  from space 13824K, 99% used [0x00000000ddc00000,0x00000000de97c030,0x00000000de980000)
  to   space 17920K, 0% used [0x00000000e6e00000,0x00000000e6e00000,0x00000000e7f80000)
 ParOldGen       total 87552K, used 19215K [0x0000000081200000, 0x0000000086780000, 0x00000000d5b80000)
  object space 87552K, 21% used [0x0000000081200000,0x00000000824c3c20,0x0000000086780000)
 Metaspace       used 20611K, capacity 21050K, committed 21296K, reserved 1069056K
  class space    used 2417K, capacity 2561K, committed 2688K, reserved 1048576K
Event: 4.538 GC heap after
Heap after GC invocations=8 (full 1):
 PSYoungGen      total 145408K, used 0K [0x00000000d5b80000, 0x00000000e7f80000, 0x0000000100000000)
  eden space 131584K, 0% used [0x00000000d5b80000,0x00000000d5b80000,0x00000000ddc00000)
  from space 13824K, 0% used [0x00000000ddc00000,0x00000000ddc00000,0x00000000de980000)
  to   space 17920K, 0% used [0x00000000e6e00000,0x00000000e6e00000,0x00000000e7f80000)
 ParOldGen       total 80896K, used 26331K [0x0000000081200000, 0x0000000086100000, 0x00000000d5b80000)
  object space 80896K, 32% used [0x0000000081200000,0x0000000082bb6e98,0x0000000086100000)
 Metaspace       used 20611K, capacity 21050K, committed 21296K, reserved 1069056K
  class space    used 2417K, capacity 2561K, committed 2688K, reserved 1048576K
}
Event: 7.446 GC heap before
{Heap before GC invocations=9 (full 1):
 PSYoungGen      total 145408K, used 131584K [0x00000000d5b80000, 0x00000000e7f80000, 0x0000000100000000)
  eden space 131584K, 100% used [0x00000000d5b80000,0x00000000ddc00000,0x00000000ddc00000)
  from space 13824K, 0% used [0x00000000ddc00000,0x00000000ddc00000,0x00000000de980000)
  to   space 17920K, 0% used [0x00000000e6e00000,0x00000000e6e00000,0x00000000e7f80000)
 ParOldGen       total 80896K, used 26331K [0x0000000081200000, 0x0000000086100000, 0x00000000d5b80000)
  object space 80896K, 32% used [0x0000000081200000,0x0000000082bb6e98,0x0000000086100000)
 Metaspace       used 25056K, capacity 25554K, committed 25856K, reserved 1073152K
  class space    used 2787K, capacity 2948K, committed 3072K, reserved 1048576K
Event: 7.482 GC heap after
Heap after GC invocations=9 (full 1):
 PSYoungGen      total 220672K, used 17910K [0x00000000d5b80000, 0x00000000e7f80000, 0x0000000100000000)
  eden space 202752K, 0% used [0x00000000d5b80000,0x00000000d5b80000,0x00000000e2180000)
  from space 17920K, 99% used [0x00000000e6e00000,0x00000000e7f7db30,0x00000000e7f80000)
  to   space 20480K, 0% used [0x00000000e5780000,0x00000000e5780000,0x00000000e6b80000)
 ParOldGen       total 80896K, used 26673K [0x0000000081200000, 0x0000000086100000, 0x00000000d5b80000)
  object space 80896K, 32% used [0x0000000081200000,0x0000000082c0c530,0x0000000086100000)
 Metaspace       used 25056K, capacity 25554K, committed 25856K, reserved 1073152K
  class space    used 2787K, capacity 2948K, committed 3072K, reserved 1048576K
}
Event: 11.143 GC heap before
{Heap before GC invocations=10 (full 1):
 PSYoungGen      total 220672K, used 220662K [0x00000000d5b80000, 0x00000000e7f80000, 0x0000000100000000)
  eden space 202752K, 100% used [0x00000000d5b80000,0x00000000e2180000,0x00000000e2180000)
  from space 17920K, 99% used [0x00000000e6e00000,0x00000000e7f7db30,0x00000000e7f80000)
  to   space 20480K, 0% used [0x00000000e5780000,0x00000000e5780000,0x00000000e6b80000)
 ParOldGen       total 80896K, used 26673K [0x0000000081200000, 0x0000000086100000, 0x00000000d5b80000)
  object space 80896K, 32% used [0x0000000081200000,0x0000000082c0c530,0x0000000086100000)
 Metaspace       used 28853K, capacity 29636K, committed 29824K, reserved 1075200K
  class space    used 3224K, capacity 3452K, committed 3456K, reserved 1048576K
Event: 11.174 GC heap after
Heap after GC invocations=10 (full 1):
 PSYoungGen      total 278528K, used 20455K [0x00000000d5b80000, 0x00000000e9700000, 0x0000000100000000)
  eden space 258048K, 0% used [0x00000000d5b80000,0x00000000d5b80000,0x00000000e5780000)
  from space 20480K, 99% used [0x00000000e5780000,0x00000000e6b79f28,0x00000000e6b80000)
  to   space 30208K, 0% used [0x00000000e7980000,0x00000000e7980000,0x00000000e9700000)
 ParOldGen       total 80896K, used 43471K [0x0000000081200000, 0x0000000086100000, 0x00000000d5b80000)
  object space 80896K, 53% used [0x0000000081200000,0x0000000083c73d00,0x0000000086100000)
 Metaspace       used 28853K, capacity 29636K, committed 29824K, reserved 1075200K
  class space    used 3224K, capacity 3452K, committed 3456K, reserved 1048576K
}

